<?xml version="1.0" encoding="UTF-8"?>
<testsuite xmlns:xsi="http://www.w3.org/2001/XMLSchema-instance" xsi:noNamespaceSchemaLocation="https://maven.apache.org/surefire/maven-surefire-plugin/xsd/surefire-test-report-3.0.xsd" version="3.0" name="com.xxn.crawler.CrawlerApplicationTests" time="2.43" tests="1" errors="0" skipped="0" failures="0">
  <properties>
[...]
</properties>
  <testcase name="contextLoads" classname="com.xxn.crawler.CrawlerApplicationTests" time="0.166">
    <system-out><![CDATA[15:35:01.851 [main] DEBUG org.springframework.test.context.BootstrapUtils - Instantiating CacheAwareContextLoaderDelegate from class [org.springframework.test.context.cache.DefaultCacheAwareContextLoaderDelegate]
15:35:01.857 [main] DEBUG org.springframework.test.context.BootstrapUtils - Instantiating BootstrapContext using constructor [public org.springframework.test.context.support.DefaultBootstrapContext(java.lang.Class,org.springframework.test.context.CacheAwareContextLoaderDelegate)]
15:35:01.880 [main] DEBUG org.springframework.test.context.BootstrapUtils - Instantiating TestContextBootstrapper for test class [com.xxn.crawler.CrawlerApplicationTests] from class [org.springframework.boot.test.context.SpringBootTestContextBootstrapper]
15:35:01.889 [main] INFO org.springframework.boot.test.context.SpringBootTestContextBootstrapper - Neither @ContextConfiguration nor @ContextHierarchy found for test class [com.xxn.crawler.CrawlerApplicationTests], using SpringBootContextLoader
15:35:01.892 [main] DEBUG org.springframework.test.context.support.AbstractContextLoader - Did not detect default resource location for test class [com.xxn.crawler.CrawlerApplicationTests]: class path resource [com/xxn/crawler/CrawlerApplicationTests-context.xml] does not exist
15:35:01.892 [main] DEBUG org.springframework.test.context.support.AbstractContextLoader - Did not detect default resource location for test class [com.xxn.crawler.CrawlerApplicationTests]: class path resource [com/xxn/crawler/CrawlerApplicationTestsContext.groovy] does not exist
15:35:01.892 [main] INFO org.springframework.test.context.support.AbstractContextLoader - Could not detect default resource locations for test class [com.xxn.crawler.CrawlerApplicationTests]: no resource found for suffixes {-context.xml, Context.groovy}.
15:35:01.892 [main] INFO org.springframework.test.context.support.AnnotationConfigContextLoaderUtils - Could not detect default configuration classes for test class [com.xxn.crawler.CrawlerApplicationTests]: CrawlerApplicationTests does not declare any static, non-private, non-final, nested classes annotated with @Configuration.
15:35:01.926 [main] DEBUG org.springframework.test.context.support.ActiveProfilesUtils - Could not find an 'annotation declaring class' for annotation type [org.springframework.test.context.ActiveProfiles] and class [com.xxn.crawler.CrawlerApplicationTests]
15:35:01.996 [main] DEBUG org.springframework.context.annotation.ClassPathScanningCandidateComponentProvider - Identified candidate component class: file [D:\java\code\javaCrawler\target\classes\com\xxn\crawler\CrawlerApplication.class]
15:35:01.997 [main] INFO org.springframework.boot.test.context.SpringBootTestContextBootstrapper - Found @SpringBootConfiguration com.xxn.crawler.CrawlerApplication for test class com.xxn.crawler.CrawlerApplicationTests
15:35:02.117 [main] DEBUG org.springframework.boot.test.context.SpringBootTestContextBootstrapper - @TestExecutionListeners is not present for class [com.xxn.crawler.CrawlerApplicationTests]: using defaults.
15:35:02.118 [main] INFO org.springframework.boot.test.context.SpringBootTestContextBootstrapper - Loaded default TestExecutionListener class names from location [META-INF/spring.factories]: [org.springframework.boot.test.mock.mockito.MockitoTestExecutionListener, org.springframework.boot.test.mock.mockito.ResetMocksTestExecutionListener, org.springframework.boot.test.autoconfigure.restdocs.RestDocsTestExecutionListener, org.springframework.boot.test.autoconfigure.web.client.MockRestServiceServerResetTestExecutionListener, org.springframework.boot.test.autoconfigure.web.servlet.MockMvcPrintOnlyOnFailureTestExecutionListener, org.springframework.boot.test.autoconfigure.web.servlet.WebDriverTestExecutionListener, org.springframework.boot.test.autoconfigure.webservices.client.MockWebServiceServerTestExecutionListener, org.springframework.test.context.web.ServletTestExecutionListener, org.springframework.test.context.support.DirtiesContextBeforeModesTestExecutionListener, org.springframework.test.context.event.ApplicationEventsTestExecutionListener, org.springframework.test.context.support.DependencyInjectionTestExecutionListener, org.springframework.test.context.support.DirtiesContextTestExecutionListener, org.springframework.test.context.transaction.TransactionalTestExecutionListener, org.springframework.test.context.jdbc.SqlScriptsTestExecutionListener, org.springframework.test.context.event.EventPublishingTestExecutionListener]
15:35:02.139 [main] INFO org.springframework.boot.test.context.SpringBootTestContextBootstrapper - Using TestExecutionListeners: [org.springframework.test.context.web.ServletTestExecutionListener@28cda624, org.springframework.test.context.support.DirtiesContextBeforeModesTestExecutionListener@1500b2f3, org.springframework.test.context.event.ApplicationEventsTestExecutionListener@7eecb5b8, org.springframework.boot.test.mock.mockito.MockitoTestExecutionListener@126253fd, org.springframework.boot.test.autoconfigure.SpringBootDependencyInjectionTestExecutionListener@57db2b13, org.springframework.test.context.support.DirtiesContextTestExecutionListener@475c9c31, org.springframework.test.context.transaction.TransactionalTestExecutionListener@5c86a017, org.springframework.test.context.jdbc.SqlScriptsTestExecutionListener@5c7bfdc1, org.springframework.test.context.event.EventPublishingTestExecutionListener@5276d6ee, org.springframework.boot.test.mock.mockito.ResetMocksTestExecutionListener@71687585, org.springframework.boot.test.autoconfigure.restdocs.RestDocsTestExecutionListener@1807f5a7, org.springframework.boot.test.autoconfigure.web.client.MockRestServiceServerResetTestExecutionListener@1b919693, org.springframework.boot.test.autoconfigure.web.servlet.MockMvcPrintOnlyOnFailureTestExecutionListener@7fb4f2a9, org.springframework.boot.test.autoconfigure.web.servlet.WebDriverTestExecutionListener@4dc27487, org.springframework.boot.test.autoconfigure.webservices.client.MockWebServiceServerTestExecutionListener@6a4f1a55]
15:35:02.144 [main] DEBUG org.springframework.test.context.support.AbstractDirtiesContextTestExecutionListener - Before test class: context [DefaultTestContext@51891008 testClass = CrawlerApplicationTests, testInstance = [null], testMethod = [null], testException = [null], mergedContextConfiguration = [WebMergedContextConfiguration@2f953efd testClass = CrawlerApplicationTests, locations = '{}', classes = '{class com.xxn.crawler.CrawlerApplication}', contextInitializerClasses = '[]', activeProfiles = '{}', propertySourceLocations = '{}', propertySourceProperties = '{org.springframework.boot.test.context.SpringBootTestContextBootstrapper=true}', contextCustomizers = set[org.springframework.boot.test.context.filter.ExcludeFilterContextCustomizer@36ebc363, org.springframework.boot.test.json.DuplicateJsonObjectContextCustomizerFactory$DuplicateJsonObjectContextCustomizer@3c41ed1d, org.springframework.boot.test.mock.mockito.MockitoContextCustomizer@0, org.springframework.boot.test.web.client.TestRestTemplateContextCustomizer@139982de, org.springframework.boot.test.autoconfigure.actuate.metrics.MetricsExportContextCustomizerFactory$DisableMetricExportContextCustomizer@6743e411, org.springframework.boot.test.autoconfigure.properties.PropertyMappingContextCustomizer@0, org.springframework.boot.test.autoconfigure.web.servlet.WebDriverContextCustomizerFactory$Customizer@4b2bac3f, org.springframework.boot.test.context.SpringBootTestArgs@1, org.springframework.boot.test.context.SpringBootTestWebEnvironment@3e9b1010], resourceBasePath = 'src/main/webapp', contextLoader = 'org.springframework.boot.test.context.SpringBootContextLoader', parent = [null]], attributes = map['org.springframework.test.context.web.ServletTestExecutionListener.activateListener' -> true]], class annotated with @DirtiesContext [false] with mode [null].

  .   ____          _            __ _ _
 /\\ / ___'_ __ _ _(_)_ __  __ _ \ \ \ \
( ( )\___ | '_ | '_| | '_ \/ _` | \ \ \ \
 \\/  ___)| |_)| | | | | || (_| |  ) ) ) )
  '  |____| .__|_| |_|_| |_\__, | / / / /
 =========|_|==============|___/=/_/_/_/
 :: Spring Boot ::               (v2.6.13)

2024-07-03 15:35:02.400  INFO 22176 --- [           main] com.xxn.crawler.CrawlerApplicationTests  : Starting CrawlerApplicationTests using Java 1.8.0_381 on Marchino with PID 22176 (started by 12613 in D:\java\code\javaCrawler)
2024-07-03 15:35:02.402  INFO 22176 --- [           main] com.xxn.crawler.CrawlerApplicationTests  : No active profile set, falling back to 1 default profile: "default"
2024-07-03 15:35:03.033  WARN 22176 --- [           main] o.m.s.mapper.ClassPathMapperScanner      : No MyBatis mapper was found in '[com.xxn.crawler]' package. Please check your configuration.
2024-07-03 15:35:03.638  INFO 22176 --- [           main] o.s.b.a.w.s.WelcomePageHandlerMapping    : Adding welcome page: class path resource [static/index.html]
2024-07-03 15:35:04.034  INFO 22176 --- [           main] com.xxn.crawler.CrawlerApplicationTests  : Started CrawlerApplicationTests in 1.839 seconds (JVM running for 2.997)
]]></system-out>
  </testcase>
</testsuite>